<?xml version="1.0" encoding="UTF-8"?>
<testng-results ignored="0" total="1" passed="1" failed="0" skipped="0">
  <reporter-output>
  </reporter-output>
  <suite started-at="2018-12-13T00:47:29Z" name="Default suite" finished-at="2018-12-13T00:48:41Z" duration-ms="72422">
    <groups>
    </groups>
    <test started-at="2018-12-13T00:47:29Z" name="Default test" finished-at="2018-12-13T00:48:41Z" duration-ms="72422">
      <class name="FluPkg.FluBasic">
        <test-method is-config="true" signature="beforeMethod(java.lang.reflect.Method, org.testng.ITestContext)[pri:0, instance:FluPkg.FluBasic@b4711e2]" started-at="2018-12-13T00:47:29Z" name="beforeMethod" finished-at="2018-12-13T00:48:14Z" duration-ms="44617" status="PASS">
          <params>
            <param index="0">
              <value>
                <![CDATA[public void FluPkg.FluBasic.google_search() throws java.io.FileNotFoundException,java.io.IOException,org.json.simple.parser.ParseException]]>
              </value>
            </param>
            <param index="1">
              <value>
                <![CDATA[org.testng.TestRunner@3549bca9]]>
              </value>
            </param>
          </params>
          <reporter-output>
          </reporter-output>
        </test-method> <!-- beforeMethod -->
        <test-method signature="google_search()[pri:0, instance:FluPkg.FluBasic@b4711e2]" started-at="2018-12-13T00:48:15Z" name="google_search" finished-at="2018-12-13T00:48:39Z" duration-ms="24724" status="PASS">
          <reporter-output>
          </reporter-output>
        </test-method> <!-- google_search -->
        <test-method is-config="true" signature="afterMethod(org.testng.ITestResult)[pri:0, instance:FluPkg.FluBasic@b4711e2]" started-at="2018-12-13T00:48:40Z" name="afterMethod" finished-at="2018-12-13T00:48:41Z" duration-ms="1731" status="PASS">
          <params>
            <param index="0">
              <value>
                <![CDATA[[TestResult name=google_search status=SUCCESS method=FluBasic.google_search()[pri:0, instance:FluPkg.FluBasic@b4711e2] output={null}]]]>
              </value>
            </param>
          </params>
          <reporter-output>
          </reporter-output>
        </test-method> <!-- afterMethod -->
        <test-method is-config="true" signature="afterClass()[pri:0, instance:FluPkg.FluBasic@b4711e2]" started-at="2018-12-13T00:48:41Z" name="afterClass" finished-at="2018-12-13T00:48:41Z" duration-ms="1" status="PASS">
          <reporter-output>
          </reporter-output>
        </test-method> <!-- afterClass -->
        <test-method is-config="true" signature="afterTest(org.testng.ITestContext)[pri:0, instance:FluPkg.FluBasic@b4711e2]" started-at="2018-12-13T00:48:41Z" name="afterTest" finished-at="2018-12-13T00:48:41Z" duration-ms="1" status="PASS">
          <params>
            <param index="0">
              <value>
                <![CDATA[org.testng.TestRunner@3549bca9]]>
              </value>
            </param>
          </params>
          <reporter-output>
          </reporter-output>
        </test-method> <!-- afterTest -->
      </class> <!-- FluPkg.FluBasic -->
    </test> <!-- Default test -->
  </suite> <!-- Default suite -->
</testng-results>
